
Warning: Creating default object from empty value in /Users/luke/Projects/vagrant/infonow/data/drupal7/sites/all/modules/custom_cmis/Alfresco_CMIS_API.php on line 250
SimpleXMLElement Object
(
    [author] => SimpleXMLElement Object
        (
            [name] => admin
        )

    [id] => http://chemistry.apache.org/d29ya3NwYWNlOi8vU3BhY2VzU3RvcmUvZDM4MGVmYjUtN2MzOC00MjY4LTkyZjctNjUzMDJjOTZlMTJk
    [published] => 2014-10-25T13:51:57.503Z
    [title] => Machine 1
    [updated] => 2014-10-25T13:55:19.792Z
    [link] => Array
        (
            [0] => SimpleXMLElement Object
                (
                )

            [1] => SimpleXMLElement Object
                (
                )

            [2] => SimpleXMLElement Object
                (
                )

            [3] => SimpleXMLElement Object
                (
                )

            [4] => SimpleXMLElement Object
                (
                )

            [5] => SimpleXMLElement Object
                (
                )

            [6] => SimpleXMLElement Object
                (
                )

            [7] => SimpleXMLElement Object
                (
                )

            [8] => SimpleXMLElement Object
                (
                )

            [9] => SimpleXMLElement Object
                (
                )

            [10] => SimpleXMLElement Object
                (
                )

            [11] => SimpleXMLElement Object
                (
                )

            [12] => SimpleXMLElement Object
                (
                )

        )

)

Warning: Creating default object from empty value in /Users/luke/Projects/vagrant/infonow/data/drupal7/sites/all/modules/custom_cmis/Alfresco_CMIS_API.php on line 250
SimpleXMLElement Object
(
    [author] => SimpleXMLElement Object
        (
            [name] => admin
        )

    [id] => http://chemistry.apache.org/d29ya3NwYWNlOi8vU3BhY2VzU3RvcmUvOGI3OTA2OGYtYmE1MC00ZGE4LTk2YjYtZDU4NWMyNTE5NWM5
    [published] => 2014-10-25T13:52:00.08Z
    [title] => Machine 2
    [updated] => 2014-10-25T13:52:09.592Z
    [link] => Array
        (
            [0] => SimpleXMLElement Object
                (
                )

            [1] => SimpleXMLElement Object
                (
                )

            [2] => SimpleXMLElement Object
                (
                )

            [3] => SimpleXMLElement Object
                (
                )

            [4] => SimpleXMLElement Object
                (
                )

            [5] => SimpleXMLElement Object
                (
                )

            [6] => SimpleXMLElement Object
                (
                )

            [7] => SimpleXMLElement Object
                (
                )

            [8] => SimpleXMLElement Object
                (
                )

            [9] => SimpleXMLElement Object
                (
                )

            [10] => SimpleXMLElement Object
                (
                )

            [11] => SimpleXMLElement Object
                (
                )

            [12] => SimpleXMLElement Object
                (
                )

        )

)

Warning: Creating default object from empty value in /Users/luke/Projects/vagrant/infonow/data/drupal7/sites/all/modules/custom_cmis/Alfresco_CMIS_API.php on line 250
SimpleXMLElement Object
(
    [author] => SimpleXMLElement Object
        (
            [name] => admin
        )

    [id] => http://chemistry.apache.org/d29ya3NwYWNlOi8vU3BhY2VzU3RvcmUvMGNjYmRiYzktMzMzNy00OWQyLWJmOGQtYzgxYjdhNThkYmRk
    [published] => 2014-10-25T13:52:03.076Z
    [title] => Machine 3
    [updated] => 2014-10-25T13:52:03.076Z
    [link] => Array
        (
            [0] => SimpleXMLElement Object
                (
                )

            [1] => SimpleXMLElement Object
                (
                )

            [2] => SimpleXMLElement Object
                (
                )

            [3] => SimpleXMLElement Object
                (
                )

            [4] => SimpleXMLElement Object
                (
                )

            [5] => SimpleXMLElement Object
                (
                )

            [6] => SimpleXMLElement Object
                (
                )

            [7] => SimpleXMLElement Object
                (
                )

            [8] => SimpleXMLElement Object
                (
                )

            [9] => SimpleXMLElement Object
                (
                )

            [10] => SimpleXMLElement Object
                (
                )

            [11] => SimpleXMLElement Object
                (
                )

            [12] => SimpleXMLElement Object
                (
                )

        )

)
